<?xml version="1.0" encoding="UTF-8"?>
<!-- Generated by org.testng.reporters.JUnitReportReporter -->
<testsuite skipped="0" hostname="fhws72745" name="com.automation.practice.testcases.LaunchBrowser" tests="1" failures="0" timestamp="28 Feb 2019 10:14:51 GMT" time="17.287" errors="0">
  <testcase name="LaunchChromeClearHistory" time="17.287" classname="com.automation.practice.testcases.LaunchBrowser"/>
</testsuite> <!-- com.automation.practice.testcases.LaunchBrowser -->
