<?xml version="1.0" encoding="UTF-8"?>
<!-- Generated by org.testng.reporters.JUnitReportReporter -->
<testsuite skipped="0" hostname="fhws72745" name="com.automation.practice.testcases.LaunchBrowser" tests="1" failures="0" timestamp="28 Feb 2019 10:25:31 GMT" time="24.202" errors="0">
  <testcase name="LaunchChromeClearHistory" time="24.202" classname="com.automation.practice.testcases.LaunchBrowser"/>
</testsuite> <!-- com.automation.practice.testcases.LaunchBrowser -->
